This file contains any messages produced by compilers while
running configure, to aid debugging if configure makes a mistake.

It was created by configure, which was
generated by GNU Autoconf 2.65.  Invocation command line was

  $ ./configure --with-pcre-libdir= --with-pcre-incdir=

## --------- ##
## Platform. ##
## --------- ##

hostname = DEB10-MULVAL
uname -m = x86_64
uname -r = 4.19.0-10-amd64
uname -s = Linux
uname -v = #1 SMP Debian 4.19.132-1 (2020-07-24)

/usr/bin/uname -p = unknown
/bin/uname -X     = unknown

/bin/arch              = x86_64
/usr/bin/arch -k       = unknown
/usr/convex/getsysinfo = unknown
/usr/bin/hostinfo      = unknown
/bin/machine           = unknown
/usr/bin/oslevel       = unknown
/bin/universe          = unknown

PATH: /usr/local/bin
PATH: /usr/bin
PATH: /bin
PATH: /usr/local/games
PATH: /usr/games


## ----------- ##
## Core tests. ##
## ----------- ##

configure:2059: checking build system type
configure:2073: result: x86_64-unknown-linux-gnu
configure:2093: checking host system type
configure:2106: result: x86_64-unknown-linux-gnu
configure:2199: checking for gcc
configure:2215: found /usr/bin/gcc
configure:2226: result: gcc
configure:2455: checking for C compiler version
configure:2464: gcc --version >&5
gcc (Debian 8.3.0-6) 8.3.0
Copyright (C) 2018 Free Software Foundation, Inc.
This is free software; see the source for copying conditions.  There is NO
warranty; not even for MERCHANTABILITY or FITNESS FOR A PARTICULAR PURPOSE.

configure:2475: $? = 0
configure:2464: gcc -v >&5
Using built-in specs.
COLLECT_GCC=gcc
COLLECT_LTO_WRAPPER=/usr/lib/gcc/x86_64-linux-gnu/8/lto-wrapper
OFFLOAD_TARGET_NAMES=nvptx-none
OFFLOAD_TARGET_DEFAULT=1
Target: x86_64-linux-gnu
Configured with: ../src/configure -v --with-pkgversion='Debian 8.3.0-6' --with-bugurl=file:///usr/share/doc/gcc-8/README.Bugs --enable-languages=c,ada,c++,go,brig,d,fortran,objc,obj-c++ --prefix=/usr --with-gcc-major-version-only --program-suffix=-8 --program-prefix=x86_64-linux-gnu- --enable-shared --enable-linker-build-id --libexecdir=/usr/lib --without-included-gettext --enable-threads=posix --libdir=/usr/lib --enable-nls --enable-bootstrap --enable-clocale=gnu --enable-libstdcxx-debug --enable-libstdcxx-time=yes --with-default-libstdcxx-abi=new --enable-gnu-unique-object --disable-vtable-verify --enable-libmpx --enable-plugin --enable-default-pie --with-system-zlib --with-target-system-zlib --enable-objc-gc=auto --enable-multiarch --disable-werror --with-arch-32=i686 --with-abi=m64 --with-multilib-list=m32,m64,mx32 --enable-multilib --with-tune=generic --enable-offload-targets=nvptx-none --without-cuda-driver --enable-checking=release --build=x86_64-linux-gnu --host=x86_64-linux-gnu --target=x86_64-linux-gnu
Thread model: posix
gcc version 8.3.0 (Debian 8.3.0-6) 
configure:2475: $? = 0
configure:2464: gcc -V >&5
gcc: error: unrecognized command line option '-V'
gcc: fatal error: no input files
compilation terminated.
configure:2475: $? = 1
configure:2464: gcc -qversion >&5
gcc: error: unrecognized command line option '-qversion'; did you mean '--version'?
gcc: fatal error: no input files
compilation terminated.
configure:2475: $? = 1
configure:2495: checking whether the C compiler works
configure:2517: gcc    conftest.c  >&5
configure:2521: $? = 0
configure:2570: result: yes
configure:2573: checking for C compiler default output file name
configure:2575: result: a.out
configure:2581: checking for suffix of executables
configure:2588: gcc -o conftest    conftest.c  >&5
configure:2592: $? = 0
configure:2614: result: 
configure:2636: checking whether we are cross compiling
configure:2644: gcc -o conftest    conftest.c  >&5
configure:2648: $? = 0
configure:2655: ./conftest
configure:2659: $? = 0
configure:2674: result: no
configure:2679: checking for suffix of object files
configure:2701: gcc -c   conftest.c >&5
configure:2705: $? = 0
configure:2726: result: o
configure:2730: checking whether we are using the GNU C compiler
configure:2749: gcc -c   conftest.c >&5
configure:2749: $? = 0
configure:2758: result: yes
configure:2767: checking whether gcc accepts -g
configure:2787: gcc -c -g  conftest.c >&5
configure:2787: $? = 0
configure:2828: result: yes
configure:2845: checking for gcc option to accept ISO C89
configure:2909: gcc  -c -g -O2  conftest.c >&5
configure:2909: $? = 0
configure:2922: result: none needed
configure:2943: checking for main in -lpcre
configure:2962: gcc -o conftest -g -O2   conftest.c -lpcre   >&5
/usr/bin/ld: cannot find -lpcre
collect2: error: ld returned 1 exit status
configure:2962: $? = 1
configure: failed program was:
| /* confdefs.h */
| #define PACKAGE_NAME ""
| #define PACKAGE_TARNAME ""
| #define PACKAGE_VERSION ""
| #define PACKAGE_STRING ""
| #define PACKAGE_BUGREPORT ""
| #define PACKAGE_URL ""
| /* end confdefs.h.  */
| 
| 
| int
| main ()
| {
| return main ();
|   ;
|   return 0;
| }
configure:2971: result: no
configure:2999: checking how to run the C preprocessor
configure:3030: gcc -E  conftest.c
configure:3030: $? = 0
configure:3044: gcc -E  conftest.c
conftest.c:9:10: fatal error: ac_nonexistent.h: No such file or directory
 #include <ac_nonexistent.h>
          ^~~~~~~~~~~~~~~~~~
compilation terminated.
configure:3044: $? = 1
configure: failed program was:
| /* confdefs.h */
| #define PACKAGE_NAME ""
| #define PACKAGE_TARNAME ""
| #define PACKAGE_VERSION ""
| #define PACKAGE_STRING ""
| #define PACKAGE_BUGREPORT ""
| #define PACKAGE_URL ""
| /* end confdefs.h.  */
| #include <ac_nonexistent.h>
configure:3069: result: gcc -E
configure:3089: gcc -E  conftest.c
configure:3089: $? = 0
configure:3103: gcc -E  conftest.c
conftest.c:9:10: fatal error: ac_nonexistent.h: No such file or directory
 #include <ac_nonexistent.h>
          ^~~~~~~~~~~~~~~~~~
compilation terminated.
configure:3103: $? = 1
configure: failed program was:
| /* confdefs.h */
| #define PACKAGE_NAME ""
| #define PACKAGE_TARNAME ""
| #define PACKAGE_VERSION ""
| #define PACKAGE_STRING ""
| #define PACKAGE_BUGREPORT ""
| #define PACKAGE_URL ""
| /* end confdefs.h.  */
| #include <ac_nonexistent.h>
configure:3132: checking for grep that handles long lines and -e
configure:3190: result: /usr/bin/grep
configure:3195: checking for egrep
configure:3257: result: /usr/bin/grep -E
configure:3262: checking for ANSI C header files
configure:3282: gcc -c -g -O2  conftest.c >&5
configure:3282: $? = 0
configure:3355: gcc -o conftest -g -O2   conftest.c  >&5
configure:3355: $? = 0
configure:3355: ./conftest
configure:3355: $? = 0
configure:3366: result: yes
configure:3379: checking for sys/types.h
configure:3379: gcc -c -g -O2  conftest.c >&5
configure:3379: $? = 0
configure:3379: result: yes
configure:3379: checking for sys/stat.h
configure:3379: gcc -c -g -O2  conftest.c >&5
configure:3379: $? = 0
configure:3379: result: yes
configure:3379: checking for stdlib.h
configure:3379: gcc -c -g -O2  conftest.c >&5
configure:3379: $? = 0
configure:3379: result: yes
configure:3379: checking for string.h
configure:3379: gcc -c -g -O2  conftest.c >&5
configure:3379: $? = 0
configure:3379: result: yes
configure:3379: checking for memory.h
configure:3379: gcc -c -g -O2  conftest.c >&5
configure:3379: $? = 0
configure:3379: result: yes
configure:3379: checking for strings.h
configure:3379: gcc -c -g -O2  conftest.c >&5
configure:3379: $? = 0
configure:3379: result: yes
configure:3379: checking for inttypes.h
configure:3379: gcc -c -g -O2  conftest.c >&5
configure:3379: $? = 0
configure:3379: result: yes
configure:3379: checking for stdint.h
configure:3379: gcc -c -g -O2  conftest.c >&5
configure:3379: $? = 0
configure:3379: result: yes
configure:3379: checking for unistd.h
configure:3379: gcc -c -g -O2  conftest.c >&5
configure:3379: $? = 0
configure:3379: result: yes
configure:3395: checking pcre.h usability
configure:3395: gcc -c -g -O2  conftest.c >&5
conftest.c:52:10: fatal error: pcre.h: No such file or directory
 #include <pcre.h>
          ^~~~~~~~
compilation terminated.
configure:3395: $? = 1
configure: failed program was:
| /* confdefs.h */
| #define PACKAGE_NAME ""
| #define PACKAGE_TARNAME ""
| #define PACKAGE_VERSION ""
| #define PACKAGE_STRING ""
| #define PACKAGE_BUGREPORT ""
| #define PACKAGE_URL ""
| #define STDC_HEADERS 1
| #define HAVE_SYS_TYPES_H 1
| #define HAVE_SYS_STAT_H 1
| #define HAVE_STDLIB_H 1
| #define HAVE_STRING_H 1
| #define HAVE_MEMORY_H 1
| #define HAVE_STRINGS_H 1
| #define HAVE_INTTYPES_H 1
| #define HAVE_STDINT_H 1
| #define HAVE_UNISTD_H 1
| /* end confdefs.h.  */
| #include <stdio.h>
| #ifdef HAVE_SYS_TYPES_H
| # include <sys/types.h>
| #endif
| #ifdef HAVE_SYS_STAT_H
| # include <sys/stat.h>
| #endif
| #ifdef STDC_HEADERS
| # include <stdlib.h>
| # include <stddef.h>
| #else
| # ifdef HAVE_STDLIB_H
| #  include <stdlib.h>
| # endif
| #endif
| #ifdef HAVE_STRING_H
| # if !defined STDC_HEADERS && defined HAVE_MEMORY_H
| #  include <memory.h>
| # endif
| # include <string.h>
| #endif
| #ifdef HAVE_STRINGS_H
| # include <strings.h>
| #endif
| #ifdef HAVE_INTTYPES_H
| # include <inttypes.h>
| #endif
| #ifdef HAVE_STDINT_H
| # include <stdint.h>
| #endif
| #ifdef HAVE_UNISTD_H
| # include <unistd.h>
| #endif
| #include <pcre.h>
configure:3395: result: no
configure:3395: checking pcre.h presence
configure:3395: gcc -E  conftest.c
conftest.c:19:10: fatal error: pcre.h: No such file or directory
 #include <pcre.h>
          ^~~~~~~~
compilation terminated.
configure:3395: $? = 1
configure: failed program was:
| /* confdefs.h */
| #define PACKAGE_NAME ""
| #define PACKAGE_TARNAME ""
| #define PACKAGE_VERSION ""
| #define PACKAGE_STRING ""
| #define PACKAGE_BUGREPORT ""
| #define PACKAGE_URL ""
| #define STDC_HEADERS 1
| #define HAVE_SYS_TYPES_H 1
| #define HAVE_SYS_STAT_H 1
| #define HAVE_STDLIB_H 1
| #define HAVE_STRING_H 1
| #define HAVE_MEMORY_H 1
| #define HAVE_STRINGS_H 1
| #define HAVE_INTTYPES_H 1
| #define HAVE_STDINT_H 1
| #define HAVE_UNISTD_H 1
| /* end confdefs.h.  */
| #include <pcre.h>
configure:3395: result: no
configure:3395: checking for pcre.h
configure:3395: result: no
configure:3411: WARNING:  ****Your system is missing pcre.h, which is required
    for PCRE (Perl pattern matching library) to function.
****PCRE support will be disabled. To use PCRE, please install the packages
    libpcre and libpcre-dev.
configure:3574: creating ./config.status

## ---------------------- ##
## Running config.status. ##
## ---------------------- ##

This file was extended by config.status, which was
generated by GNU Autoconf 2.65.  Invocation command line was

  CONFIG_FILES    = 
  CONFIG_HEADERS  = 
  CONFIG_LINKS    = 
  CONFIG_COMMANDS = 
  $ ./config.status 

on DEB10-MULVAL

config.status:4376: creating pcre_info.P

## ---------------- ##
## Cache variables. ##
## ---------------- ##

ac_cv_build='x86_64-unknown-linux-gnu'
ac_cv_c_compiler_gnu='yes'
ac_cv_env_CC_set=''
ac_cv_env_CC_value=''
ac_cv_env_CFLAGS_set=''
ac_cv_env_CFLAGS_value=''
ac_cv_env_CPPFLAGS_set=''
ac_cv_env_CPPFLAGS_value=''
ac_cv_env_CPP_set=''
ac_cv_env_CPP_value=''
ac_cv_env_LDFLAGS_set=''
ac_cv_env_LDFLAGS_value=''
ac_cv_env_LIBS_set=''
ac_cv_env_LIBS_value=''
ac_cv_env_build_alias_set=''
ac_cv_env_build_alias_value=''
ac_cv_env_host_alias_set=''
ac_cv_env_host_alias_value=''
ac_cv_env_target_alias_set=''
ac_cv_env_target_alias_value=''
ac_cv_header_inttypes_h='yes'
ac_cv_header_memory_h='yes'
ac_cv_header_pcre_h='no'
ac_cv_header_stdc='yes'
ac_cv_header_stdint_h='yes'
ac_cv_header_stdlib_h='yes'
ac_cv_header_string_h='yes'
ac_cv_header_strings_h='yes'
ac_cv_header_sys_stat_h='yes'
ac_cv_header_sys_types_h='yes'
ac_cv_header_unistd_h='yes'
ac_cv_host='x86_64-unknown-linux-gnu'
ac_cv_lib_pcre_main='no'
ac_cv_objext='o'
ac_cv_path_EGREP='/usr/bin/grep -E'
ac_cv_path_GREP='/usr/bin/grep'
ac_cv_prog_CPP='gcc -E'
ac_cv_prog_ac_ct_CC='gcc'
ac_cv_prog_cc_c89=''
ac_cv_prog_cc_g='yes'

## ----------------- ##
## Output variables. ##
## ----------------- ##

CC='gcc'
CFLAGS='-g -O2'
CPP='gcc -E'
CPPFLAGS=''
DEFS='-DPACKAGE_NAME=\"\" -DPACKAGE_TARNAME=\"\" -DPACKAGE_VERSION=\"\" -DPACKAGE_STRING=\"\" -DPACKAGE_BUGREPORT=\"\" -DPACKAGE_URL=\"\" -DSTDC_HEADERS=1 -DHAVE_SYS_TYPES_H=1 -DHAVE_SYS_STAT_H=1 -DHAVE_STDLIB_H=1 -DHAVE_STRING_H=1 -DHAVE_MEMORY_H=1 -DHAVE_STRINGS_H=1 -DHAVE_INTTYPES_H=1 -DHAVE_STDINT_H=1 -DHAVE_UNISTD_H=1'
ECHO_C=''
ECHO_N='-n'
ECHO_T=''
EGREP='/usr/bin/grep -E'
EXEEXT=''
GREP='/usr/bin/grep'
LDFLAGS=''
LIBOBJS=''
LIBS=''
LTLIBOBJS=''
OBJEXT='o'
PACKAGE_BUGREPORT=''
PACKAGE_NAME=''
PACKAGE_STRING=''
PACKAGE_TARNAME=''
PACKAGE_URL=''
PACKAGE_VERSION=''
PATH_SEPARATOR=':'
SHELL='/bin/sh'
ac_ct_CC='gcc'
bindir='${exec_prefix}/bin'
build='x86_64-unknown-linux-gnu'
build_alias=''
build_cpu='x86_64'
build_os='linux-gnu'
build_vendor='unknown'
ccflags='-g -O2'
datadir='${datarootdir}'
datarootdir='${prefix}/share'
docdir='${datarootdir}/doc/${PACKAGE}'
dvidir='${docdir}'
exec_prefix='${prefix}'
host='x86_64-unknown-linux-gnu'
host_alias=''
host_cpu='x86_64'
host_os='linux-gnu'
host_vendor='unknown'
htmldir='${docdir}'
includedir='${prefix}/include'
infodir='${datarootdir}/info'
ldflags=''
libdir=''
libexecdir='${exec_prefix}/libexec'
localedir='${datarootdir}/locale'
localstatedir='${prefix}/var'
mandir='${datarootdir}/man'
oldincludedir='/usr/include'
pdfdir='${docdir}'
prefix='/usr/local'
program_transform_name='s,x,x,'
psdir='${docdir}'
sbindir='${exec_prefix}/sbin'
sharedstatedir='${prefix}/com'
support='no'
sysconfdir='${prefix}/etc'
target_alias=''

## ----------- ##
## confdefs.h. ##
## ----------- ##

/* confdefs.h */
#define PACKAGE_NAME ""
#define PACKAGE_TARNAME ""
#define PACKAGE_VERSION ""
#define PACKAGE_STRING ""
#define PACKAGE_BUGREPORT ""
#define PACKAGE_URL ""
#define STDC_HEADERS 1
#define HAVE_SYS_TYPES_H 1
#define HAVE_SYS_STAT_H 1
#define HAVE_STDLIB_H 1
#define HAVE_STRING_H 1
#define HAVE_MEMORY_H 1
#define HAVE_STRINGS_H 1
#define HAVE_INTTYPES_H 1
#define HAVE_STDINT_H 1
#define HAVE_UNISTD_H 1

configure: exit 0
